%!Adobe-FontList 1.19
%Locale:0x813

%BeginFont
Handler:DirectoryHandler
FontType:Type1
FontName:BebasNeue-Regular
FamilyName:Bebas Neue
StyleName:Regular
FullName:Bebas Neue Regular
MenuName:Bebas Neue
StyleBits:0
WritingScript:Roman
OutlineFileName:G:\2017-2018\School\SEMESTER II\NMD\Week02\Practicum2\Document fonts\BebasNeue-Regular.otf
DataFormat:sfntData
UsesStandardEncoding:yes
isCFF:yes
hasSVG:no
VariableFontType:NonVariableFont
FileLength:42200
FileModTime:1517961888
WeightClass:400
WidthClass:5
AngleClass:0
NameArray:0,Mac,4,Bebas Neue Regular
NameArray:0,Win,1,Bebas Neue
%EndFont

